/home/ec2-user
/home/ec2-user
09-09-2021
Departure: DEL
Status : 200
Successful for Departure DEL
Departure: BOM
Status : 200
Successful for Departure BOM
Departure: HYD
Status : 200
Successful for Departure HYD
Departure: BLR
Status : 200
Successful for Departure BLR
Departure: MAA
Status : 200
Successful for Departure MAA
Departure: CCU
Status : 200
Successful for Departure CCU
File Successfully save for date 09-09-2021 at Data/Data_09-09-2021.csv
/home/ec2-user
/home/ec2-user
10-09-2021
Departure: DEL
Status : 200
Successful for Departure DEL
Departure: BOM
Status : 200
Successful for Departure BOM
Departure: HYD
Status : 200
Successful for Departure HYD
Departure: BLR
Status : 200
Successful for Departure BLR
Departure: MAA
Status : 200
Successful for Departure MAA
Departure: CCU
Status : 200
Successful for Departure CCU
File Successfully save for date 10-09-2021 at Data/Data_10-09-2021.csv
/home/ec2-user
/home/ec2-user
11-09-2021
Departure: DEL
Status : 200
Successful for Departure DEL
Departure: BOM
Status : 200
Successful for Departure BOM
Departure: HYD
Status : 200
Successful for Departure HYD
Departure: BLR
Status : 200
Successful for Departure BLR
Departure: MAA
Status : 200
Successful for Departure MAA
Departure: CCU
Status : 200
Successful for Departure CCU
File Successfully save for date 11-09-2021 at Data/Data_11-09-2021.csv
/home/ec2-user
/home/ec2-user
12-09-2021
Departure: DEL
Status : 200
Successful for Departure DEL
Departure: BOM
Status : 200
Successful for Departure BOM
Departure: HYD
Status : 200
Successful for Departure HYD
Departure: BLR
Status : 200
Successful for Departure BLR
Departure: MAA
Status : 200
Successful for Departure MAA
Departure: CCU
Status : 200
Successful for Departure CCU
File Successfully save for date 12-09-2021 at Data/Data_12-09-2021.csv
/home/ec2-user
/home/ec2-user
13-09-2021
Departure: DEL
Status : 200
Successful for Departure DEL
Departure: BOM
Status : 200
Successful for Departure BOM
Departure: HYD
Status : 200
Successful for Departure HYD
Departure: BLR
Status : 200
Successful for Departure BLR
Departure: MAA
Status : 200
Successful for Departure MAA
Departure: CCU
Status : 200
Successful for Departure CCU
File Successfully save for date 13-09-2021 at Data/Data_13-09-2021.csv
/home/ec2-user
/home/ec2-user
14-09-2021
Departure: DEL
Status : 200
Successful for Departure DEL
Departure: BOM
Status : 200
Successful for Departure BOM
Departure: HYD
Status : 200
Successful for Departure HYD
Departure: BLR
Status : 200
Successful for Departure BLR
Departure: MAA
Status : 200
Successful for Departure MAA
Departure: CCU
Status : 200
Successful for Departure CCU
File Successfully save for date 14-09-2021 at Data/Data_14-09-2021.csv
/home/ec2-user
/home/ec2-user
14-09-2021
Departure: DEL
Status : 200
Successful for Departure DEL
Departure: BOM
Status : 200
Successful for Departure BOM
Departure: HYD
Status : 200
Successful for Departure HYD
Departure: BLR
Status : 200
Successful for Departure BLR
Departure: MAA
Status : 200
Successful for Departure MAA
Departure: CCU
Status : 200
Successful for Departure CCU
File Successfully save for date 14-09-2021 at Data/Data_14-09-2021.csv
/home/ec2-user
/home/ec2-user
15-09-2021
Departure: DEL
Status : 200
Successful for Departure DEL
Departure: BOM
Status : 200
Successful for Departure BOM
Departure: HYD
Status : 200
Successful for Departure HYD
Departure: BLR
Status : 200
Successful for Departure BLR
Departure: MAA
Status : 200
Successful for Departure MAA
Departure: CCU
Status : 200
Successful for Departure CCU
File Successfully save for date 15-09-2021 at Data/Data_15-09-2021.csv
/home/ec2-user
/home/ec2-user
15-09-2021
Departure: DEL
Status : 200
Successful for Departure DEL
Departure: BOM
Status : 200
Successful for Departure BOM
Departure: HYD
Status : 200
Successful for Departure HYD
Departure: BLR
Status : 200
Successful for Departure BLR
Departure: MAA
Status : 200
Successful for Departure MAA
Departure: CCU
Status : 200
Successful for Departure CCU
File Successfully save for date 15-09-2021 at Data/Data_15-09-2021.csv
/home/ec2-user
/home/ec2-user
16-09-2021
Departure: DEL
Status : 200
Successful for Departure DEL
Departure: BOM
Status : 200
Successful for Departure BOM
Departure: HYD
Status : 200
Successful for Departure HYD
Departure: BLR
Status : 200
Successful for Departure BLR
Departure: MAA
Status : 200
Successful for Departure MAA
Departure: CCU
Status : 200
Successful for Departure CCU
File Successfully save for date 16-09-2021 at Data/Data_16-09-2021.csv
/home/ec2-user
/home/ec2-user
17-09-2021
Departure: DEL
Status : 200
Successful for Departure DEL
Departure: BOM
Status : 200
Successful for Departure BOM
Departure: HYD
Status : 200
Successful for Departure HYD
Departure: BLR
Status : 200
Successful for Departure BLR
Departure: MAA
Status : 200
Successful for Departure MAA
Departure: CCU
Status : 200
Successful for Departure CCU
File Successfully save for date 17-09-2021 at Data/Data_17-09-2021.csv
/home/ec2-user
/home/ec2-user
18-09-2021
Departure: DEL
Status : 200
Successful for Departure DEL
Departure: BOM
Status : 200
Successful for Departure BOM
Departure: HYD
Status : 200
Successful for Departure HYD
Departure: BLR
Status : 200
Successful for Departure BLR
Departure: MAA
Status : 200
Successful for Departure MAA
Departure: CCU
Status : 200
Successful for Departure CCU
File Successfully save for date 18-09-2021 at Data/Data_18-09-2021.csv
/home/ec2-user
/home/ec2-user
19-09-2021
Departure: DEL
Status : 200
Successful for Departure DEL
Departure: BOM
Status : 200
Successful for Departure BOM
Departure: HYD
Status : 200
Successful for Departure HYD
Departure: BLR
Status : 200
Successful for Departure BLR
Departure: MAA
Status : 200
Successful for Departure MAA
Departure: CCU
Status : 200
Successful for Departure CCU
File Successfully save for date 19-09-2021 at Data/Data_19-09-2021.csv
/home/ec2-user
/home/ec2-user
20-09-2021
Departure: DEL
Status : 200
Successful for Departure DEL
Departure: BOM
Status : 200
Successful for Departure BOM
Departure: HYD
Status : 200
Successful for Departure HYD
Departure: BLR
Status : 200
Successful for Departure BLR
Departure: MAA
Status : 200
Successful for Departure MAA
Departure: CCU
Status : 200
Successful for Departure CCU
File Successfully save for date 20-09-2021 at Data/Data_20-09-2021.csv
/home/ec2-user
/home/ec2-user
21-09-2021
Departure: DEL
Status : 200
Successful for Departure DEL
Departure: BOM
Status : 200
Successful for Departure BOM
Departure: HYD
Status : 200
Successful for Departure HYD
Departure: BLR
Status : 200
Successful for Departure BLR
Departure: MAA
Status : 200
Successful for Departure MAA
Departure: CCU
Status : 200
Successful for Departure CCU
File Successfully save for date 21-09-2021 at Data/Data_21-09-2021.csv
/home/ec2-user
/home/ec2-user
22-09-2021
Departure: DEL
Status : 200
Successful for Departure DEL
Departure: BOM
Status : 200
Successful for Departure BOM
Departure: HYD
Status : 200
Successful for Departure HYD
Departure: BLR
Status : 200
Successful for Departure BLR
Departure: MAA
Status : 200
Successful for Departure MAA
Departure: CCU
Status : 200
Successful for Departure CCU
File Successfully save for date 22-09-2021 at Data/Data_22-09-2021.csv
/home/ec2-user
/home/ec2-user
23-09-2021
Departure: DEL
Status : 200
Successful for Departure DEL
Departure: BOM
Status : 200
Successful for Departure BOM
Departure: HYD
Status : 200
Successful for Departure HYD
Departure: BLR
Status : 200
Successful for Departure BLR
Departure: MAA
Status : 200
Successful for Departure MAA
Departure: CCU
Status : 200
Successful for Departure CCU
File Successfully save for date 23-09-2021 at Data/Data_23-09-2021.csv
/home/ec2-user
/home/ec2-user
24-09-2021
Departure: DEL
Status : 200
Successful for Departure DEL
Departure: BOM
Status : 200
Successful for Departure BOM
Departure: HYD
Status : 200
Successful for Departure HYD
Departure: BLR
Status : 200
Successful for Departure BLR
Departure: MAA
Status : 200
Successful for Departure MAA
Departure: CCU
Status : 200
Successful for Departure CCU
File Successfully save for date 24-09-2021 at Data/Data_24-09-2021.csv
/home/ec2-user
/home/ec2-user
25-09-2021
Departure: DEL
Status : 200
Successful for Departure DEL
Departure: BOM
Status : 200
Successful for Departure BOM
Departure: HYD
Status : 200
Successful for Departure HYD
Departure: BLR
Status : 200
Successful for Departure BLR
Departure: MAA
Status : 200
Successful for Departure MAA
Departure: CCU
Status : 200
Successful for Departure CCU
File Successfully save for date 25-09-2021 at Data/Data_25-09-2021.csv
/home/ec2-user
/home/ec2-user
26-09-2021
Departure: DEL
Status : 200
Successful for Departure DEL
Departure: BOM
Status : 200
Successful for Departure BOM
Departure: HYD
Status : 200
Successful for Departure HYD
Departure: BLR
Status : 200
Successful for Departure BLR
Departure: MAA
Status : 200
Successful for Departure MAA
Departure: CCU
Status : 200
Successful for Departure CCU
File Successfully save for date 26-09-2021 at Data/Data_26-09-2021.csv
/home/ec2-user
/home/ec2-user
27-09-2021
Departure: DEL
Status : 200
Successful for Departure DEL
Departure: BOM
Status : 200
Successful for Departure BOM
Departure: HYD
Status : 200
Successful for Departure HYD
Departure: BLR
Status : 200
Successful for Departure BLR
Departure: MAA
Status : 200
Successful for Departure MAA
Departure: CCU
Status : 200
Successful for Departure CCU
File Successfully save for date 27-09-2021 at Data/Data_27-09-2021.csv
/home/ec2-user
/home/ec2-user
28-09-2021
Departure: DEL
Status : 200
Successful for Departure DEL
Departure: BOM
Status : 200
Successful for Departure BOM
Departure: HYD
Status : 200
Successful for Departure HYD
Departure: BLR
Status : 200
Successful for Departure BLR
Departure: MAA
Status : 200
Successful for Departure MAA
Departure: CCU
Status : 200
Successful for Departure CCU
File Successfully save for date 28-09-2021 at Data/Data_28-09-2021.csv
/home/ec2-user
/home/ec2-user
29-09-2021
Departure: DEL
Status : 200
Successful for Departure DEL
Departure: BOM
Status : 200
Successful for Departure BOM
Departure: HYD
Status : 200
Successful for Departure HYD
Departure: BLR
Status : 200
Successful for Departure BLR
Departure: MAA
Status : 200
Successful for Departure MAA
Departure: CCU
Status : 200
Successful for Departure CCU
File Successfully save for date 29-09-2021 at Data/Data_29-09-2021.csv
/home/ec2-user
/home/ec2-user
30-09-2021
Departure: DEL
Status : 200
Successful for Departure DEL
Departure: BOM
Status : 200
Successful for Departure BOM
Departure: HYD
Status : 200
Successful for Departure HYD
Departure: BLR
Status : 200
Successful for Departure BLR
Departure: MAA
Status : 200
Successful for Departure MAA
Departure: CCU
Status : 200
Successful for Departure CCU
File Successfully save for date 30-09-2021 at Data/Data_30-09-2021.csv
